(standard_in) 1: syntax error
(standard_in) 1: syntax error
mpirun: Error: unknown option "--bind"
Type 'mpirun --help' for usage.
/var/spool/slurm/d/job409912/slurm_script: line 35: temp_execution_time.txt: No such file or directory
rm: cannot remove 'temp_execution_time.txt': No such file or directory
(standard_in) 1: syntax error
(standard_in) 1: syntax error
mpirun: Error: unknown option "--bind"
Type 'mpirun --help' for usage.
/var/spool/slurm/d/job409912/slurm_script: line 35: temp_execution_time.txt: No such file or directory
rm: cannot remove 'temp_execution_time.txt': No such file or directory
(standard_in) 1: syntax error
(standard_in) 1: syntax error
mpirun: Error: unknown option "--bind"
Type 'mpirun --help' for usage.
/var/spool/slurm/d/job409912/slurm_script: line 35: temp_execution_time.txt: No such file or directory
rm: cannot remove 'temp_execution_time.txt': No such file or directory
(standard_in) 1: syntax error
(standard_in) 1: syntax error
mpirun: Error: unknown option "--bind"
Type 'mpirun --help' for usage.
/var/spool/slurm/d/job409912/slurm_script: line 35: temp_execution_time.txt: No such file or directory
rm: cannot remove 'temp_execution_time.txt': No such file or directory
(standard_in) 1: syntax error
(standard_in) 1: syntax error
mpirun: Error: unknown option "--bind"
Type 'mpirun --help' for usage.
/var/spool/slurm/d/job409912/slurm_script: line 35: temp_execution_time.txt: No such file or directory
rm: cannot remove 'temp_execution_time.txt': No such file or directory
(standard_in) 1: syntax error
(standard_in) 1: syntax error
mpirun: Error: unknown option "--bind"
Type 'mpirun --help' for usage.
/var/spool/slurm/d/job409912/slurm_script: line 35: temp_execution_time.txt: No such file or directory
rm: cannot remove 'temp_execution_time.txt': No such file or directory
(standard_in) 1: syntax error
(standard_in) 1: syntax error
mpirun: Error: unknown option "--bind"
Type 'mpirun --help' for usage.
/var/spool/slurm/d/job409912/slurm_script: line 35: temp_execution_time.txt: No such file or directory
rm: cannot remove 'temp_execution_time.txt': No such file or directory
(standard_in) 1: syntax error
(standard_in) 1: syntax error
mpirun: Error: unknown option "--bind"
Type 'mpirun --help' for usage.
/var/spool/slurm/d/job409912/slurm_script: line 35: temp_execution_time.txt: No such file or directory
rm: cannot remove 'temp_execution_time.txt': No such file or directory
(standard_in) 1: syntax error
(standard_in) 1: syntax error
mpirun: Error: unknown option "--bind"
Type 'mpirun --help' for usage.
/var/spool/slurm/d/job409912/slurm_script: line 35: temp_execution_time.txt: No such file or directory
rm: cannot remove 'temp_execution_time.txt': No such file or directory
(standard_in) 1: syntax error
(standard_in) 1: syntax error
mpirun: Error: unknown option "--bind"
Type 'mpirun --help' for usage.
/var/spool/slurm/d/job409912/slurm_script: line 35: temp_execution_time.txt: No such file or directory
rm: cannot remove 'temp_execution_time.txt': No such file or directory
