[fat002:1701417] *** An error occurred in MPI_Gather
[fat002:1701417] *** reported by process [4199219201,0]
[fat002:1701417] *** on communicator MPI_COMM_WORLD
[fat002:1701417] *** MPI_ERR_COUNT: invalid count argument
[fat002:1701417] *** MPI_ERRORS_ARE_FATAL (processes in this communicator will now abort,
[fat002:1701417] ***    and potentially your MPI job)
/var/spool/slurm/d/job399831/slurm_script: line 29: temp_execution_time.txt: No such file or directory
rm: cannot remove 'temp_execution_time.txt': No such file or directory
[fat002:1701427] *** An error occurred in MPI_Gather
[fat002:1701427] *** reported by process [4198563841,0]
[fat002:1701427] *** on communicator MPI_COMM_WORLD
[fat002:1701427] *** MPI_ERR_COUNT: invalid count argument
[fat002:1701427] *** MPI_ERRORS_ARE_FATAL (processes in this communicator will now abort,
[fat002:1701427] ***    and potentially your MPI job)
/var/spool/slurm/d/job399831/slurm_script: line 29: temp_execution_time.txt: No such file or directory
rm: cannot remove 'temp_execution_time.txt': No such file or directory
[fat002:1701438] *** An error occurred in MPI_Gather
[fat002:1701438] *** reported by process [4199809025,0]
[fat002:1701438] *** on communicator MPI_COMM_WORLD
[fat002:1701438] *** MPI_ERR_COUNT: invalid count argument
[fat002:1701438] *** MPI_ERRORS_ARE_FATAL (processes in this communicator will now abort,
[fat002:1701438] ***    and potentially your MPI job)
/var/spool/slurm/d/job399831/slurm_script: line 29: temp_execution_time.txt: No such file or directory
rm: cannot remove 'temp_execution_time.txt': No such file or directory
[fat002:1701452] *** An error occurred in MPI_Gather
[fat002:1701452] *** reported by process [4196794369,0]
[fat002:1701452] *** on communicator MPI_COMM_WORLD
[fat002:1701452] *** MPI_ERR_COUNT: invalid count argument
[fat002:1701452] *** MPI_ERRORS_ARE_FATAL (processes in this communicator will now abort,
[fat002:1701452] ***    and potentially your MPI job)
/var/spool/slurm/d/job399831/slurm_script: line 29: temp_execution_time.txt: No such file or directory
rm: cannot remove 'temp_execution_time.txt': No such file or directory
[fat002:1701466] *** An error occurred in MPI_Gather
[fat002:1701466] *** reported by process [4197974017,0]
[fat002:1701466] *** on communicator MPI_COMM_WORLD
[fat002:1701466] *** MPI_ERR_COUNT: invalid count argument
[fat002:1701466] *** MPI_ERRORS_ARE_FATAL (processes in this communicator will now abort,
[fat002:1701466] ***    and potentially your MPI job)
/var/spool/slurm/d/job399831/slurm_script: line 29: temp_execution_time.txt: No such file or directory
rm: cannot remove 'temp_execution_time.txt': No such file or directory
[fat002:1701480] *** An error occurred in MPI_Gather
[fat002:1701480] *** reported by process [4194959361,0]
[fat002:1701480] *** on communicator MPI_COMM_WORLD
[fat002:1701480] *** MPI_ERR_COUNT: invalid count argument
[fat002:1701480] *** MPI_ERRORS_ARE_FATAL (processes in this communicator will now abort,
[fat002:1701480] ***    and potentially your MPI job)
/var/spool/slurm/d/job399831/slurm_script: line 29: temp_execution_time.txt: No such file or directory
rm: cannot remove 'temp_execution_time.txt': No such file or directory
[fat002:1701495] *** An error occurred in MPI_Gather
[fat002:1701495] *** reported by process [4196204545,0]
[fat002:1701495] *** on communicator MPI_COMM_WORLD
[fat002:1701495] *** MPI_ERR_COUNT: invalid count argument
[fat002:1701495] *** MPI_ERRORS_ARE_FATAL (processes in this communicator will now abort,
[fat002:1701495] ***    and potentially your MPI job)
/var/spool/slurm/d/job399831/slurm_script: line 29: temp_execution_time.txt: No such file or directory
rm: cannot remove 'temp_execution_time.txt': No such file or directory
[fat002:1701511] *** An error occurred in MPI_Gather
[fat002:1701511] *** reported by process [4209836033,0]
[fat002:1701511] *** on communicator MPI_COMM_WORLD
[fat002:1701511] *** MPI_ERR_COUNT: invalid count argument
[fat002:1701511] *** MPI_ERRORS_ARE_FATAL (processes in this communicator will now abort,
[fat002:1701511] ***    and potentially your MPI job)
/var/spool/slurm/d/job399831/slurm_script: line 29: temp_execution_time.txt: No such file or directory
rm: cannot remove 'temp_execution_time.txt': No such file or directory
[fat002:1701528] *** An error occurred in MPI_Gather
[fat002:1701528] *** reported by process [4210688001,0]
[fat002:1701528] *** on communicator MPI_COMM_WORLD
[fat002:1701528] *** MPI_ERR_COUNT: invalid count argument
[fat002:1701528] *** MPI_ERRORS_ARE_FATAL (processes in this communicator will now abort,
[fat002:1701528] ***    and potentially your MPI job)
/var/spool/slurm/d/job399831/slurm_script: line 29: temp_execution_time.txt: No such file or directory
rm: cannot remove 'temp_execution_time.txt': No such file or directory
[fat002:1701546] *** An error occurred in MPI_Gather
[fat002:1701546] *** reported by process [4207411201,0]
[fat002:1701546] *** on communicator MPI_COMM_WORLD
[fat002:1701546] *** MPI_ERR_COUNT: invalid count argument
[fat002:1701546] *** MPI_ERRORS_ARE_FATAL (processes in this communicator will now abort,
[fat002:1701546] ***    and potentially your MPI job)
/var/spool/slurm/d/job399831/slurm_script: line 29: temp_execution_time.txt: No such file or directory
rm: cannot remove 'temp_execution_time.txt': No such file or directory
[fat002:1701565] *** An error occurred in MPI_Gather
[fat002:1701565] *** reported by process [4208394241,0]
[fat002:1701565] *** on communicator MPI_COMM_WORLD
[fat002:1701565] *** MPI_ERR_COUNT: invalid count argument
[fat002:1701565] *** MPI_ERRORS_ARE_FATAL (processes in this communicator will now abort,
[fat002:1701565] ***    and potentially your MPI job)
/var/spool/slurm/d/job399831/slurm_script: line 29: temp_execution_time.txt: No such file or directory
rm: cannot remove 'temp_execution_time.txt': No such file or directory
[fat002:1701585] *** An error occurred in MPI_Gather
[fat002:1701585] *** reported by process [4204986369,0]
[fat002:1701585] *** on communicator MPI_COMM_WORLD
[fat002:1701585] *** MPI_ERR_COUNT: invalid count argument
[fat002:1701585] *** MPI_ERRORS_ARE_FATAL (processes in this communicator will now abort,
[fat002:1701585] ***    and potentially your MPI job)
/var/spool/slurm/d/job399831/slurm_script: line 29: temp_execution_time.txt: No such file or directory
rm: cannot remove 'temp_execution_time.txt': No such file or directory
[fat002:1701606] *** An error occurred in MPI_Gather
[fat002:1701606] *** reported by process [4203479041,0]
[fat002:1701606] *** on communicator MPI_COMM_WORLD
[fat002:1701606] *** MPI_ERR_COUNT: invalid count argument
[fat002:1701606] *** MPI_ERRORS_ARE_FATAL (processes in this communicator will now abort,
[fat002:1701606] ***    and potentially your MPI job)
/var/spool/slurm/d/job399831/slurm_script: line 29: temp_execution_time.txt: No such file or directory
rm: cannot remove 'temp_execution_time.txt': No such file or directory
[fat002:1701628] *** An error occurred in MPI_Gather
[fat002:1701628] *** reported by process [4204134401,0]
[fat002:1701628] *** on communicator MPI_COMM_WORLD
[fat002:1701628] *** MPI_ERR_COUNT: invalid count argument
[fat002:1701628] *** MPI_ERRORS_ARE_FATAL (processes in this communicator will now abort,
[fat002:1701628] ***    and potentially your MPI job)
slurmstepd: error: *** JOB 399831 ON fat002 CANCELLED AT 2024-04-06T18:13:20 ***
