bc: invalid option -- '1'
xargs: unmatched single quote; by default quotes are special to xargs unless you use the -0 option
printf: ‘usage:’: expected a numeric value
printf: ‘bc’: expected a numeric value
printf: ‘[options]’: expected a numeric value
printf: ‘[file’: expected a numeric value
printf: ‘...]’: expected a numeric value
printf: ‘-h’: expected a numeric value
printf: ‘--help’: expected a numeric value
printf: ‘print’: expected a numeric value
printf: ‘this’: expected a numeric value
printf: ‘usage’: expected a numeric value
printf: ‘and’: expected a numeric value
printf: ‘exit’: expected a numeric value
printf: ‘-i’: expected a numeric value
printf: ‘--interactive’: expected a numeric value
printf: ‘force’: expected a numeric value
printf: ‘interactive’: expected a numeric value
printf: ‘mode’: expected a numeric value
printf: ‘-l’: expected a numeric value
printf: ‘--mathlib’: expected a numeric value
printf: ‘use’: expected a numeric value
printf: ‘the’: expected a numeric value
printf: ‘predefined’: expected a numeric value
printf: ‘math’: expected a numeric value
printf: ‘routines’: expected a numeric value
printf: ‘-q’: expected a numeric value
printf: ‘--quiet’: expected a numeric value
----------------------------------------------------------------------------
Open MPI has detected that a parameter given to a command line
option does not match the expected format:

  Option: np
  Param:  num_procs

This is frequently caused by omitting to provide the parameter
to an option that requires one. Please check the command line and try again.
----------------------------------------------------------------------------
/var/spool/slurm/d/job409979/slurm_script: line 30: temp_execution_time.txt: No such file or directory
rm: cannot remove 'temp_execution_time.txt': No such file or directory
