Running with 2 MPI tasks.
Mandelbrot set generated and saved to 'image.pgm'
/var/spool/slurm/d/job399821/slurm_script: line 28: $outpu_file: ambiguous redirect
Running with 4 MPI tasks.
Mandelbrot set generated and saved to 'image.pgm'
/var/spool/slurm/d/job399821/slurm_script: line 28: $outpu_file: ambiguous redirect
Running with 6 MPI tasks.
Mandelbrot set generated and saved to 'image.pgm'
/var/spool/slurm/d/job399821/slurm_script: line 28: $outpu_file: ambiguous redirect
Running with 8 MPI tasks.
Mandelbrot set generated and saved to 'image.pgm'
/var/spool/slurm/d/job399821/slurm_script: line 28: $outpu_file: ambiguous redirect
Running with 10 MPI tasks.
Mandelbrot set generated and saved to 'image.pgm'
/var/spool/slurm/d/job399821/slurm_script: line 28: $outpu_file: ambiguous redirect
Running with 12 MPI tasks.
Mandelbrot set generated and saved to 'image.pgm'
/var/spool/slurm/d/job399821/slurm_script: line 28: $outpu_file: ambiguous redirect
Running with 14 MPI tasks.
Mandelbrot set generated and saved to 'image.pgm'
/var/spool/slurm/d/job399821/slurm_script: line 28: $outpu_file: ambiguous redirect
Running with 16 MPI tasks.
Mandelbrot set generated and saved to 'image.pgm'
/var/spool/slurm/d/job399821/slurm_script: line 28: $outpu_file: ambiguous redirect
Running with 18 MPI tasks.
Mandelbrot set generated and saved to 'image.pgm'
/var/spool/slurm/d/job399821/slurm_script: line 28: $outpu_file: ambiguous redirect
Running with 20 MPI tasks.
Mandelbrot set generated and saved to 'image.pgm'
/var/spool/slurm/d/job399821/slurm_script: line 28: $outpu_file: ambiguous redirect
Running with 22 MPI tasks.
Mandelbrot set generated and saved to 'image.pgm'
/var/spool/slurm/d/job399821/slurm_script: line 28: $outpu_file: ambiguous redirect
Running with 24 MPI tasks.
Mandelbrot set generated and saved to 'image.pgm'
/var/spool/slurm/d/job399821/slurm_script: line 28: $outpu_file: ambiguous redirect
Running with 26 MPI tasks.
Mandelbrot set generated and saved to 'image.pgm'
/var/spool/slurm/d/job399821/slurm_script: line 28: $outpu_file: ambiguous redirect
Running with 28 MPI tasks.
Mandelbrot set generated and saved to 'image.pgm'
/var/spool/slurm/d/job399821/slurm_script: line 28: $outpu_file: ambiguous redirect
Running with 30 MPI tasks.
Mandelbrot set generated and saved to 'image.pgm'
/var/spool/slurm/d/job399821/slurm_script: line 28: $outpu_file: ambiguous redirect
Running with 32 MPI tasks.
Mandelbrot set generated and saved to 'image.pgm'
/var/spool/slurm/d/job399821/slurm_script: line 28: $outpu_file: ambiguous redirect
Running with 34 MPI tasks.
Mandelbrot set generated and saved to 'image.pgm'
/var/spool/slurm/d/job399821/slurm_script: line 28: $outpu_file: ambiguous redirect
Running with 36 MPI tasks.
Mandelbrot set generated and saved to 'image.pgm'
/var/spool/slurm/d/job399821/slurm_script: line 28: $outpu_file: ambiguous redirect
Running with 38 MPI tasks.
Mandelbrot set generated and saved to 'image.pgm'
/var/spool/slurm/d/job399821/slurm_script: line 28: $outpu_file: ambiguous redirect
Running with 40 MPI tasks.
Mandelbrot set generated and saved to 'image.pgm'
/var/spool/slurm/d/job399821/slurm_script: line 28: $outpu_file: ambiguous redirect
Running with 42 MPI tasks.
Mandelbrot set generated and saved to 'image.pgm'
/var/spool/slurm/d/job399821/slurm_script: line 28: $outpu_file: ambiguous redirect
Running with 44 MPI tasks.
Mandelbrot set generated and saved to 'image.pgm'
/var/spool/slurm/d/job399821/slurm_script: line 28: $outpu_file: ambiguous redirect
Running with 46 MPI tasks.
Mandelbrot set generated and saved to 'image.pgm'
/var/spool/slurm/d/job399821/slurm_script: line 28: $outpu_file: ambiguous redirect
Running with 48 MPI tasks.
Mandelbrot set generated and saved to 'image.pgm'
/var/spool/slurm/d/job399821/slurm_script: line 28: $outpu_file: ambiguous redirect
Running with 50 MPI tasks.
Mandelbrot set generated and saved to 'image.pgm'
/var/spool/slurm/d/job399821/slurm_script: line 28: $outpu_file: ambiguous redirect
Running with 52 MPI tasks.
Mandelbrot set generated and saved to 'image.pgm'
/var/spool/slurm/d/job399821/slurm_script: line 28: $outpu_file: ambiguous redirect
Running with 54 MPI tasks.
Mandelbrot set generated and saved to 'image.pgm'
/var/spool/slurm/d/job399821/slurm_script: line 28: $outpu_file: ambiguous redirect
Running with 56 MPI tasks.
Mandelbrot set generated and saved to 'image.pgm'
/var/spool/slurm/d/job399821/slurm_script: line 28: $outpu_file: ambiguous redirect
Running with 58 MPI tasks.
Mandelbrot set generated and saved to 'image.pgm'
/var/spool/slurm/d/job399821/slurm_script: line 28: $outpu_file: ambiguous redirect
Running with 60 MPI tasks.
Mandelbrot set generated and saved to 'image.pgm'
/var/spool/slurm/d/job399821/slurm_script: line 28: $outpu_file: ambiguous redirect
Running with 62 MPI tasks.
Mandelbrot set generated and saved to 'image.pgm'
/var/spool/slurm/d/job399821/slurm_script: line 28: $outpu_file: ambiguous redirect
Running with 64 MPI tasks.
Mandelbrot set generated and saved to 'image.pgm'
/var/spool/slurm/d/job399821/slurm_script: line 28: $outpu_file: ambiguous redirect
Running with 66 MPI tasks.
Mandelbrot set generated and saved to 'image.pgm'
/var/spool/slurm/d/job399821/slurm_script: line 28: $outpu_file: ambiguous redirect
Running with 68 MPI tasks.
Mandelbrot set generated and saved to 'image.pgm'
slurmstepd: error: *** JOB 399821 ON thin007 CANCELLED AT 2024-04-06T17:44:35 ***
--------------------------------------------------------------------------
ORTE has lost communication with a remote daemon.

  HNP daemon   : [[1151,0],0] on node thin007
  Remote daemon: [[1151,0],3] on node thin010

This is usually due to either a failure of the TCP network
connection to the node, or possibly an internal failure of
the daemon itself. We cannot recover from this failure, and
therefore will terminate the job.
--------------------------------------------------------------------------
